{"timestamp":"2025-09-27T06:49:32.662Z","method":"GET","path":"/api/auth/getuserfav","status":200,"duration":76.5,"memory":63,"cpu":2.92}
{"timestamp":"2025-09-27T06:49:32.673Z","method":"GET","path":"/api/listings?page=1&limit=9&sortBy=newest","status":304,"duration":189.2,"memory":64,"cpu":3.17}
{"timestamp":"2025-09-27T06:49:32.863Z","method":"GET","path":"/api/listings?page=1&limit=9&sortBy=newest","status":304,"duration":162.1,"memory":64,"cpu":3.17}
{"timestamp":"2025-09-27T06:49:35.717Z","method":"POST","path":"/api/auth/favoritetoggle","status":200,"duration":273.1,"memory":66,"cpu":3.17}
{"timestamp":"2025-09-27T06:49:37.135Z","method":"GET","path":"/api/listings?category=venues&page=1&limit=9&sortBy=newest","status":304,"duration":161.6,"memory":69,"cpu":3.17}
{"timestamp":"2025-09-27T06:49:38.257Z","method":"GET","path":"/api/listings?category=catering&page=1&limit=9&sortBy=newest","status":304,"duration":200.1,"memory":71,"cpu":3.31}
{"timestamp":"2025-09-27T06:49:40.506Z","method":"GET","path":"/api/listings?category=catering&location=Hyderabad&page=1&limit=9&sortBy=newest","status":200,"duration":149.4,"memory":72,"cpu":3.31}
{"timestamp":"2025-09-27T06:49:44.177Z","method":"GET","path":"/api/user/profile","status":404,"duration":8.1,"memory":73,"cpu":3.37}
{"timestamp":"2025-09-27T06:49:44.196Z","method":"GET","path":"/api/user/profile","status":404,"duration":15.7,"memory":73,"cpu":3.37}
{"timestamp":"2025-09-27T06:49:45.466Z","method":"GET","path":"/api/bookings/user/68caddaff649ff1fb90fd2ab?status=all&page=1&limit=50","status":304,"duration":305.7,"memory":78,"cpu":3.37}
{"timestamp":"2025-09-27T06:49:45.778Z","method":"GET","path":"/api/bookings/user/68caddaff649ff1fb90fd2ab?status=all&page=1&limit=50","status":304,"duration":329.7,"memory":85,"cpu":3.37}
{"timestamp":"2025-09-27T06:49:46.702Z","method":"GET","path":"/api/auth/getuserfavoritesProfile","status":200,"duration":360.7,"memory":82,"cpu":3.37}
{"timestamp":"2025-09-27T06:49:47.066Z","method":"GET","path":"/api/auth/getuserfavoritesProfile","status":304,"duration":301,"memory":84,"cpu":3.37}
{"timestamp":"2025-09-27T06:49:57.436Z","method":"GET","path":"/api/auth/getuserfavoritesProfile","status":304,"duration":380.1,"memory":84,"cpu":3.08}
{"timestamp":"2025-09-27T06:49:57.820Z","method":"GET","path":"/api/auth/getuserfavoritesProfile","status":429,"duration":0.5,"memory":81,"cpu":3.08}
{"timestamp":"2025-09-27T06:50:00.649Z","method":"GET","path":"/api/bookings/user/68caddaff649ff1fb90fd2ab?status=all&page=1&limit=50","status":304,"duration":350.2,"memory":84,"cpu":2.92}
{"timestamp":"2025-09-27T06:50:01.002Z","method":"GET","path":"/api/bookings/user/68caddaff649ff1fb90fd2ab?status=all&page=1&limit=50","status":304,"duration":308.6,"memory":83,"cpu":2.92}
{"timestamp":"2025-09-27T06:50:01.394Z","method":"GET","path":"/api/auth/getuserfavoritesProfile","status":429,"duration":0.3,"memory":83,"cpu":2.92}
{"timestamp":"2025-09-27T06:50:01.397Z","method":"GET","path":"/api/auth/getuserfavoritesProfile","status":429,"duration":0.3,"memory":84,"cpu":2.92}
{"timestamp":"2025-09-27T06:50:04.978Z","method":"GET","path":"/api/auth/getuserfav","status":429,"duration":0.3,"memory":85,"cpu":2.68}
{"timestamp":"2025-09-27T06:50:04.981Z","method":"GET","path":"/api/listings?page=1&limit=9&sortBy=newest","status":304,"duration":171.9,"memory":90,"cpu":2.68}
{"timestamp":"2025-09-27T06:50:05.155Z","method":"GET","path":"/api/listings?page=1&limit=9&sortBy=newest","status":304,"duration":143.3,"memory":87,"cpu":2.68}
{"timestamp":"2025-09-27T06:50:06.107Z","method":"PATCH","path":"/api/listings/68d6236d05b607fc50ed478b/views","status":200,"duration":89,"memory":88,"cpu":2.68}
{"timestamp":"2025-09-27T06:50:06.301Z","method":"GET","path":"/api/auth/profile","status":429,"duration":0.2,"memory":89,"cpu":2.68}
{"timestamp":"2025-09-27T06:50:06.302Z","method":"GET","path":"/api/auth/profile","status":429,"duration":0.2,"memory":89,"cpu":2.68}
{"timestamp":"2025-09-27T06:50:06.298Z","method":"GET","path":"/api/listings/68d6236d05b607fc50ed478b","status":200,"duration":183.1,"memory":90,"cpu":2.68}
{"timestamp":"2025-09-27T06:50:06.504Z","method":"GET","path":"/api/reviews/listing/68d6236d05b607fc50ed478b?page=1&limit=5","status":304,"duration":148.9,"memory":91,"cpu":2.68}
{"timestamp":"2025-09-27T06:50:06.656Z","method":"GET","path":"/api/reviews/listing/68d6236d05b607fc50ed478b?page=1&limit=5","status":304,"duration":145.3,"memory":91,"cpu":2.68}
